TN:
SF:src/config/contentCombinerConfig.ts
FNF:0
FNH:0
DA:12,1
LF:1
LH:1
BRF:0
BRH:0
end_of_record
TN:
SF:src/config/fileSystemConfig.ts
FNF:0
FNH:0
DA:15,1
LF:1
LH:1
BRF:0
BRH:0
end_of_record
TN:
SF:src/config/openaiConfig.ts
FNF:0
FNH:0
DA:20,1
LF:1
LH:1
BRF:0
BRH:0
end_of_record
TN:
SF:src/services/ContentCombinerService.ts
FN:6,(anonymous_0)
FN:26,(anonymous_1)
FNF:2
FNH:2
FNDA:1,(anonymous_0)
FNDA:3,(anonymous_1)
DA:1,1
DA:3,1
DA:4,1
DA:7,1
DA:8,1
DA:11,1
DA:12,1
DA:13,3
DA:14,3
DA:15,3
DA:19,1
DA:21,0
DA:22,0
DA:27,3
DA:28,3
DA:29,3
DA:30,0
DA:33,3
DA:34,3
DA:36,0
DA:37,0
LF:21
LH:16
BRDA:14,0,0,3
BRDA:29,1,0,0
BRDA:34,2,0,3
BRDA:34,2,1,0
BRF:4
BRH:2
end_of_record
TN:
SF:src/services/FileSystemService.ts
FN:6,(anonymous_9)
FN:9,(anonymous_10)
FN:46,(anonymous_11)
FN:52,(anonymous_12)
FN:54,(anonymous_13)
FN:64,(anonymous_14)
FN:73,(anonymous_15)
FNF:7
FNH:5
FNDA:1,(anonymous_9)
FNDA:1,(anonymous_10)
FNDA:1,(anonymous_11)
FNDA:2,(anonymous_12)
FNDA:2,(anonymous_13)
FNDA:0,(anonymous_14)
FNDA:0,(anonymous_15)
DA:1,1
DA:2,1
DA:3,1
DA:4,1
DA:6,1
DA:7,1
DA:13,1
DA:15,1
DA:16,0
DA:19,1
DA:20,1
DA:26,1
DA:28,1
DA:29,0
DA:32,1
DA:33,1
DA:35,1
DA:36,1
DA:41,0
DA:42,0
DA:50,1
DA:51,1
DA:52,2
DA:54,1
DA:55,2
DA:56,2
DA:59,0
DA:60,0
DA:65,0
DA:66,0
DA:68,0
DA:69,0
DA:78,0
DA:79,0
DA:80,0
DA:81,0
DA:83,0
DA:84,0
LF:38
LH:22
BRDA:15,0,0,0
BRDA:28,1,0,0
BRDA:28,2,0,1
BRDA:28,2,1,1
BRDA:56,3,0,2
BRDA:56,3,1,0
BRDA:64,4,0,0
BRDA:76,5,0,0
BRF:8
BRH:3
end_of_record
TN:
SF:src/services/OpenAIService.ts
FN:10,(anonymous_10)
FN:14,(anonymous_11)
FN:28,(anonymous_12)
FN:42,(anonymous_13)
FN:54,(anonymous_14)
FNF:5
FNH:5
FNDA:1,(anonymous_10)
FNDA:2,(anonymous_11)
FNDA:1,(anonymous_12)
FNDA:2,(anonymous_13)
FNDA:1,(anonymous_14)
DA:1,1
DA:2,1
DA:3,1
DA:5,1
DA:6,1
DA:7,1
DA:8,1
DA:11,1
DA:15,2
DA:16,2
DA:17,2
DA:18,2
DA:24,2
DA:29,1
DA:30,1
DA:35,1
DA:37,0
DA:38,0
DA:43,2
DA:44,2
DA:49,0
DA:50,0
DA:55,1
DA:56,1
DA:59,0
DA:60,0
DA:68,0
DA:69,0
DA:70,0
DA:73,0
DA:75,0
DA:76,0
LF:32
LH:20
BRDA:17,0,0,2
BRDA:55,1,0,1
BRDA:69,2,0,0
BRF:3
BRH:2
end_of_record
